# JRE version: OpenJDK Runtime Environment Temurin-21.0.6+7 (21.0.6+7) (build 21.0.6+7-LTS)
# Java VM: OpenJDK 64-Bit Server VM Temurin-21.0.6+7 (21.0.6+7-LTS, mixed mode, sharing, tiered, compressed oops, compressed class ptrs, parallel gc, windows-amd64)
GC Precious Log:
 CardTable entry size: 512
 CPUs: 12 total, 12 available
 Memory: 16106M
 Large Page Support: Disabled
 NUMA Support: Disabled
 Compressed Oops: Enabled (32-bit)
 Alignments: Space 512K, Generation 512K, Heap 2M
 Heap Min Capacity: 100M
 Heap Initial Capacity: 100M
 Heap Max Capacity: 1G
 Pre-touch: Disabled
 Parallel Workers: 10
Heap:
 PSYoungGen      total 16896K, used 1158K [0x00000000eab00000, 0x00000000ebe80000, 0x0000000100000000)
  eden space 16384K, 4% used [0x00000000eab00000,0x00000000eabf7680,0x00000000ebb00000)
  from space 512K, 96% used [0x00000000ebd80000,0x00000000ebdfb170,0x00000000ebe00000)
  to   space 512K, 0% used [0x00000000ebe00000,0x00000000ebe00000,0x00000000ebe80000)
 ParOldGen       total 68608K, used 43333K [0x00000000c0000000, 0x00000000c4300000, 0x00000000eab00000)
  object space 68608K, 63% used [0x00000000c0000000,0x00000000c2a51728,0x00000000c4300000)
 Metaspace       used 63646K, committed 64960K, reserved 1114112K
  class space    used 7771K, committed 8384K, reserved 1048576K
GC Heap History (20 events):
Event: 40.589 GC heap before
{Heap before GC invocations=34 (full 2):
 PSYoungGen      total 17920K, used 10887K [0x00000000eab00000, 0x00000000ec080000, 0x0000000100000000)
  eden space 16384K, 62% used [0x00000000eab00000,0x00000000eb511eb8,0x00000000ebb00000)
  from space 1536K, 37% used [0x00000000ebe00000,0x00000000ebe90000,0x00000000ebf80000)
  to   space 1024K, 0% used [0x00000000ebf80000,0x00000000ebf80000,0x00000000ec080000)
 ParOldGen       total 68608K, used 45248K [0x00000000c0000000, 0x00000000c4300000, 0x00000000eab00000)
  object space 68608K, 65% used [0x00000000c0000000,0x00000000c2c302e8,0x00000000c4300000)
 Metaspace       used 58568K, committed 59776K, reserved 1114112K
  class space    used 6766K, committed 7296K, reserved 1048576K
}
Event: 40.590 GC heap after
{Heap after GC invocations=34 (full 2):
 PSYoungGen      total 17408K, used 706K [0x00000000eab00000, 0x00000000ec080000, 0x0000000100000000)
  eden space 16384K, 0% used [0x00000000eab00000,0x00000000eab00000,0x00000000ebb00000)
  from space 1024K, 68% used [0x00000000ebf80000,0x00000000ec0308f0,0x00000000ec080000)
  to   space 1024K, 0% used [0x00000000ebe80000,0x00000000ebe80000,0x00000000ebf80000)
 ParOldGen       total 68608K, used 45652K [0x00000000c0000000, 0x00000000c4300000, 0x00000000eab00000)
  object space 68608K, 66% used [0x00000000c0000000,0x00000000c2c952f8,0x00000000c4300000)
 Metaspace       used 58568K, committed 59776K, reserved 1114112K
  class space    used 6766K, committed 7296K, reserved 1048576K
}
Event: 40.590 GC heap before
{Heap before GC invocations=35 (full 3):
 PSYoungGen      total 17408K, used 706K [0x00000000eab00000, 0x00000000ec080000, 0x0000000100000000)
  eden space 16384K, 0% used [0x00000000eab00000,0x00000000eab00000,0x00000000ebb00000)
  from space 1024K, 68% used [0x00000000ebf80000,0x00000000ec0308f0,0x00000000ec080000)
  to   space 1024K, 0% used [0x00000000ebe80000,0x00000000ebe80000,0x00000000ebf80000)
 ParOldGen       total 68608K, used 45652K [0x00000000c0000000, 0x00000000c4300000, 0x00000000eab00000)
  object space 68608K, 66% used [0x00000000c0000000,0x00000000c2c952f8,0x00000000c4300000)
 Metaspace       used 58568K, committed 59776K, reserved 1114112K
  class space    used 6766K, committed 7296K, reserved 1048576K
}
Event: 40.625 GC heap after
{Heap after GC invocations=35 (full 3):
 PSYoungGen      total 17408K, used 0K [0x00000000eab00000, 0x00000000ec080000, 0x0000000100000000)
  eden space 16384K, 0% used [0x00000000eab00000,0x00000000eab00000,0x00000000ebb00000)
  from space 1024K, 0% used [0x00000000ebf80000,0x00000000ebf80000,0x00000000ec080000)
  to   space 1024K, 0% used [0x00000000ebe80000,0x00000000ebe80000,0x00000000ebf80000)
 ParOldGen       total 68608K, used 40079K [0x00000000c0000000, 0x00000000c4300000, 0x00000000eab00000)
  object space 68608K, 58% used [0x00000000c0000000,0x00000000c2723d50,0x00000000c4300000)
 Metaspace       used 58568K, committed 59776K, reserved 1114112K
  class space    used 6766K, committed 7296K, reserved 1048576K
}
Event: 40.762 GC heap before
{Heap before GC invocations=36 (full 3):
 PSYoungGen      total 17408K, used 16384K [0x00000000eab00000, 0x00000000ec080000, 0x0000000100000000)
  eden space 16384K, 100% used [0x00000000eab00000,0x00000000ebb00000,0x00000000ebb00000)
  from space 1024K, 0% used [0x00000000ebf80000,0x00000000ebf80000,0x00000000ec080000)
  to   space 1024K, 0% used [0x00000000ebe80000,0x00000000ebe80000,0x00000000ebf80000)
 ParOldGen       total 68608K, used 40079K [0x00000000c0000000, 0x00000000c4300000, 0x00000000eab00000)
  object space 68608K, 58% used [0x00000000c0000000,0x00000000c2723d50,0x00000000c4300000)
 Metaspace       used 59643K, committed 60864K, reserved 1114112K
  class space    used 6950K, committed 7488K, reserved 1048576K
}
Event: 40.762 GC heap after
{Heap after GC invocations=36 (full 3):
 PSYoungGen      total 17408K, used 1001K [0x00000000eab00000, 0x00000000ec000000, 0x0000000100000000)
  eden space 16384K, 0% used [0x00000000eab00000,0x00000000eab00000,0x00000000ebb00000)
  from space 1024K, 97% used [0x00000000ebe80000,0x00000000ebf7a560,0x00000000ebf80000)
  to   space 512K, 0% used [0x00000000ebf80000,0x00000000ebf80000,0x00000000ec000000)
 ParOldGen       total 68608K, used 40119K [0x00000000c0000000, 0x00000000c4300000, 0x00000000eab00000)
  object space 68608K, 58% used [0x00000000c0000000,0x00000000c272dd50,0x00000000c4300000)
 Metaspace       used 59643K, committed 60864K, reserved 1114112K
  class space    used 6950K, committed 7488K, reserved 1048576K
}
Event: 40.837 GC heap before
{Heap before GC invocations=37 (full 3):
 PSYoungGen      total 17408K, used 17385K [0x00000000eab00000, 0x00000000ec000000, 0x0000000100000000)
  eden space 16384K, 100% used [0x00000000eab00000,0x00000000ebb00000,0x00000000ebb00000)
  from space 1024K, 97% used [0x00000000ebe80000,0x00000000ebf7a560,0x00000000ebf80000)
  to   space 512K, 0% used [0x00000000ebf80000,0x00000000ebf80000,0x00000000ec000000)
 ParOldGen       total 68608K, used 40119K [0x00000000c0000000, 0x00000000c4300000, 0x00000000eab00000)
  object space 68608K, 58% used [0x00000000c0000000,0x00000000c272dd50,0x00000000c4300000)
 Metaspace       used 60786K, committed 61952K, reserved 1114112K
  class space    used 7173K, committed 7680K, reserved 1048576K
}
Event: 40.837 GC heap after
{Heap after GC invocations=37 (full 3):
 PSYoungGen      total 16896K, used 403K [0x00000000eab00000, 0x00000000ec000000, 0x0000000100000000)
  eden space 16384K, 0% used [0x00000000eab00000,0x00000000eab00000,0x00000000ebb00000)
  from space 512K, 78% used [0x00000000ebf80000,0x00000000ebfe4e58,0x00000000ec000000)
  to   space 1024K, 0% used [0x00000000ebe00000,0x00000000ebe00000,0x00000000ebf00000)
 ParOldGen       total 68608K, used 40827K [0x00000000c0000000, 0x00000000c4300000, 0x00000000eab00000)
  object space 68608K, 59% used [0x00000000c0000000,0x00000000c27dede0,0x00000000c4300000)
 Metaspace       used 60786K, committed 61952K, reserved 1114112K
  class space    used 7173K, committed 7680K, reserved 1048576K
}
Event: 40.921 GC heap before
{Heap before GC invocations=38 (full 3):
 PSYoungGen      total 16896K, used 16787K [0x00000000eab00000, 0x00000000ec000000, 0x0000000100000000)
  eden space 16384K, 100% used [0x00000000eab00000,0x00000000ebb00000,0x00000000ebb00000)
  from space 512K, 78% used [0x00000000ebf80000,0x00000000ebfe4e58,0x00000000ec000000)
  to   space 1024K, 0% used [0x00000000ebe00000,0x00000000ebe00000,0x00000000ebf00000)
 ParOldGen       total 68608K, used 40827K [0x00000000c0000000, 0x00000000c4300000, 0x00000000eab00000)
  object space 68608K, 59% used [0x00000000c0000000,0x00000000c27dede0,0x00000000c4300000)
 Metaspace       used 61699K, committed 63040K, reserved 1114112K
  class space    used 7395K, committed 8000K, reserved 1048576K
}
Event: 40.921 GC heap after
{Heap after GC invocations=38 (full 3):
 PSYoungGen      total 17408K, used 586K [0x00000000eab00000, 0x00000000ec000000, 0x0000000100000000)
  eden space 16384K, 0% used [0x00000000eab00000,0x00000000eab00000,0x00000000ebb00000)
  from space 1024K, 57% used [0x00000000ebe00000,0x00000000ebe92a50,0x00000000ebf00000)
  to   space 1024K, 0% used [0x00000000ebf00000,0x00000000ebf00000,0x00000000ec000000)
 ParOldGen       total 68608K, used 40947K [0x00000000c0000000, 0x00000000c4300000, 0x00000000eab00000)
  object space 68608K, 59% used [0x00000000c0000000,0x00000000c27fcde0,0x00000000c4300000)
 Metaspace       used 61699K, committed 63040K, reserved 1114112K
  class space    used 7395K, committed 8000K, reserved 1048576K
}
Event: 40.994 GC heap before
{Heap before GC invocations=39 (full 3):
 PSYoungGen      total 17408K, used 16970K [0x00000000eab00000, 0x00000000ec000000, 0x0000000100000000)
  eden space 16384K, 100% used [0x00000000eab00000,0x00000000ebb00000,0x00000000ebb00000)
  from space 1024K, 57% used [0x00000000ebe00000,0x00000000ebe92a50,0x00000000ebf00000)
  to   space 1024K, 0% used [0x00000000ebf00000,0x00000000ebf00000,0x00000000ec000000)
 ParOldGen       total 68608K, used 40947K [0x00000000c0000000, 0x00000000c4300000, 0x00000000eab00000)
  object space 68608K, 59% used [0x00000000c0000000,0x00000000c27fcde0,0x00000000c4300000)
 Metaspace       used 62481K, committed 63808K, reserved 1114112K
  class space    used 7578K, committed 8192K, reserved 1048576K
}
Event: 40.995 GC heap after
{Heap after GC invocations=39 (full 3):
 PSYoungGen      total 16896K, used 352K [0x00000000eab00000, 0x00000000ebf80000, 0x0000000100000000)
  eden space 16384K, 0% used [0x00000000eab00000,0x00000000eab00000,0x00000000ebb00000)
  from space 512K, 68% used [0x00000000ebf00000,0x00000000ebf58000,0x00000000ebf80000)
  to   space 512K, 0% used [0x00000000ebe80000,0x00000000ebe80000,0x00000000ebf00000)
 ParOldGen       total 68608K, used 41333K [0x00000000c0000000, 0x00000000c4300000, 0x00000000eab00000)
  object space 68608K, 60% used [0x00000000c0000000,0x00000000c285d558,0x00000000c4300000)
 Metaspace       used 62481K, committed 63808K, reserved 1114112K
  class space    used 7578K, committed 8192K, reserved 1048576K
}
Event: 41.085 GC heap before
{Heap before GC invocations=40 (full 3):
 PSYoungGen      total 16896K, used 16736K [0x00000000eab00000, 0x00000000ebf80000, 0x0000000100000000)
  eden space 16384K, 100% used [0x00000000eab00000,0x00000000ebb00000,0x00000000ebb00000)
  from space 512K, 68% used [0x00000000ebf00000,0x00000000ebf58000,0x00000000ebf80000)
  to   space 512K, 0% used [0x00000000ebe80000,0x00000000ebe80000,0x00000000ebf00000)
 ParOldGen       total 68608K, used 41333K [0x00000000c0000000, 0x00000000c4300000, 0x00000000eab00000)
  object space 68608K, 60% used [0x00000000c0000000,0x00000000c285d558,0x00000000c4300000)
 Metaspace       used 63547K, committed 64832K, reserved 1114112K
  class space    used 7753K, committed 8320K, reserved 1048576K
}
Event: 41.086 GC heap after
{Heap after GC invocations=40 (full 3):
 PSYoungGen      total 16896K, used 512K [0x00000000eab00000, 0x00000000ebf80000, 0x0000000100000000)
  eden space 16384K, 0% used [0x00000000eab00000,0x00000000eab00000,0x00000000ebb00000)
  from space 512K, 100% used [0x00000000ebe80000,0x00000000ebf00000,0x00000000ebf00000)
  to   space 512K, 0% used [0x00000000ebf00000,0x00000000ebf00000,0x00000000ebf80000)
 ParOldGen       total 68608K, used 41485K [0x00000000c0000000, 0x00000000c4300000, 0x00000000eab00000)
  object space 68608K, 60% used [0x00000000c0000000,0x00000000c2883558,0x00000000c4300000)
 Metaspace       used 63547K, committed 64832K, reserved 1114112K
  class space    used 7753K, committed 8320K, reserved 1048576K
}
Event: 41.175 GC heap before
{Heap before GC invocations=41 (full 3):
 PSYoungGen      total 16896K, used 16896K [0x00000000eab00000, 0x00000000ebf80000, 0x0000000100000000)
  eden space 16384K, 100% used [0x00000000eab00000,0x00000000ebb00000,0x00000000ebb00000)
  from space 512K, 100% used [0x00000000ebe80000,0x00000000ebf00000,0x00000000ebf00000)
  to   space 512K, 0% used [0x00000000ebf00000,0x00000000ebf00000,0x00000000ebf80000)
 ParOldGen       total 68608K, used 41485K [0x00000000c0000000, 0x00000000c4300000, 0x00000000eab00000)
  object space 68608K, 60% used [0x00000000c0000000,0x00000000c2883558,0x00000000c4300000)
 Metaspace       used 63643K, committed 64960K, reserved 1114112K
  class space    used 7771K, committed 8384K, reserved 1048576K
}
Event: 41.176 GC heap after
{Heap after GC invocations=41 (full 3):
 PSYoungGen      total 16896K, used 487K [0x00000000eab00000, 0x00000000ebf80000, 0x0000000100000000)
  eden space 16384K, 0% used [0x00000000eab00000,0x00000000eab00000,0x00000000ebb00000)
  from space 512K, 95% used [0x00000000ebf00000,0x00000000ebf79e98,0x00000000ebf80000)
  to   space 2048K, 0% used [0x00000000ebb80000,0x00000000ebb80000,0x00000000ebd80000)
 ParOldGen       total 68608K, used 42547K [0x00000000c0000000, 0x00000000c4300000, 0x00000000eab00000)
  object space 68608K, 62% used [0x00000000c0000000,0x00000000c298cc00,0x00000000c4300000)
 Metaspace       used 63643K, committed 64960K, reserved 1114112K
  class space    used 7771K, committed 8384K, reserved 1048576K
}
Event: 41.243 GC heap before
{Heap before GC invocations=42 (full 3):
 PSYoungGen      total 16896K, used 16871K [0x00000000eab00000, 0x00000000ebf80000, 0x0000000100000000)
  eden space 16384K, 100% used [0x00000000eab00000,0x00000000ebb00000,0x00000000ebb00000)
  from space 512K, 95% used [0x00000000ebf00000,0x00000000ebf79e98,0x00000000ebf80000)
  to   space 2048K, 0% used [0x00000000ebb80000,0x00000000ebb80000,0x00000000ebd80000)
 ParOldGen       total 68608K, used 42547K [0x00000000c0000000, 0x00000000c4300000, 0x00000000eab00000)
  object space 68608K, 62% used [0x00000000c0000000,0x00000000c298cc00,0x00000000c4300000)
 Metaspace       used 63643K, committed 64960K, reserved 1114112K
  class space    used 7771K, committed 8384K, reserved 1048576K
}
Event: 41.244 GC heap after
{Heap after GC invocations=42 (full 3):
 PSYoungGen      total 18432K, used 888K [0x00000000eab00000, 0x00000000ebf80000, 0x0000000100000000)
  eden space 16384K, 0% used [0x00000000eab00000,0x00000000eab00000,0x00000000ebb00000)
  from space 2048K, 43% used [0x00000000ebb80000,0x00000000ebc5e2c0,0x00000000ebd80000)
  to   space 1536K, 0% used [0x00000000ebe00000,0x00000000ebe00000,0x00000000ebf80000)
 ParOldGen       total 68608K, used 42667K [0x00000000c0000000, 0x00000000c4300000, 0x00000000eab00000)
  object space 68608K, 62% used [0x00000000c0000000,0x00000000c29aac00,0x00000000c4300000)
 Metaspace       used 63643K, committed 64960K, reserved 1114112K
  class space    used 7771K, committed 8384K, reserved 1048576K
}
Event: 41.310 GC heap before
{Heap before GC invocations=43 (full 3):
 PSYoungGen      total 18432K, used 17272K [0x00000000eab00000, 0x00000000ebf80000, 0x0000000100000000)
  eden space 16384K, 100% used [0x00000000eab00000,0x00000000ebb00000,0x00000000ebb00000)
  from space 2048K, 43% used [0x00000000ebb80000,0x00000000ebc5e2c0,0x00000000ebd80000)
  to   space 1536K, 0% used [0x00000000ebe00000,0x00000000ebe00000,0x00000000ebf80000)
 ParOldGen       total 68608K, used 42667K [0x00000000c0000000, 0x00000000c4300000, 0x00000000eab00000)
  object space 68608K, 62% used [0x00000000c0000000,0x00000000c29aac00,0x00000000c4300000)
 Metaspace       used 63646K, committed 64960K, reserved 1114112K
  class space    used 7771K, committed 8384K, reserved 1048576K
}
Event: 41.311 GC heap after
{Heap after GC invocations=43 (full 3):
 PSYoungGen      total 16896K, used 160K [0x00000000eab00000, 0x00000000ebe80000, 0x0000000100000000)
  eden space 16384K, 0% used [0x00000000eab00000,0x00000000eab00000,0x00000000ebb00000)
  from space 512K, 31% used [0x00000000ebe00000,0x00000000ebe28000,0x00000000ebe80000)
  to   space 512K, 0% used [0x00000000ebd80000,0x00000000ebd80000,0x00000000ebe00000)
 ParOldGen       total 68608K, used 42755K [0x00000000c0000000, 0x00000000c4300000, 0x00000000eab00000)
  object space 68608K, 62% used [0x00000000c0000000,0x00000000c29c0c00,0x00000000c4300000)
 Metaspace       used 63646K, committed 64960K, reserved 1114112K
  class space    used 7771K, committed 8384K, reserved 1048576K
}

