# JRE version: OpenJDK Runtime Environment Temurin-21.0.6+7 (21.0.6+7) (build 21.0.6+7-LTS)
# Java VM: OpenJDK 64-Bit Server VM Temurin-21.0.6+7 (21.0.6+7-LTS, mixed mode, sharing, tiered, compressed oops, compressed class ptrs, parallel gc, windows-amd64)
GC Precious Log:
 CardTable entry size: 512
 CPUs: 12 total, 12 available
 Memory: 16106M
 Large Page Support: Disabled
 NUMA Support: Disabled
 Compressed Oops: Enabled (32-bit)
 Alignments: Space 512K, Generation 512K, Heap 2M
 Heap Min Capacity: 100M
 Heap Initial Capacity: 100M
 Heap Max Capacity: 1G
 Pre-touch: Disabled
 Parallel Workers: 10
Heap:
 PSYoungGen      total 22528K, used 9077K [0x00000000eab00000, 0x00000000ec800000, 0x0000000100000000)
  eden space 22016K, 38% used [0x00000000eab00000,0x00000000eb35ec60,0x00000000ec080000)
  from space 512K, 98% used [0x00000000ec780000,0x00000000ec7fe998,0x00000000ec800000)
  to   space 1024K, 0% used [0x00000000ec600000,0x00000000ec600000,0x00000000ec700000)
 ParOldGen       total 68608K, used 39840K [0x00000000c0000000, 0x00000000c4300000, 0x00000000eab00000)
  object space 68608K, 58% used [0x00000000c0000000,0x00000000c26e8040,0x00000000c4300000)
 Metaspace       used 58261K, committed 59520K, reserved 1114112K
  class space    used 7141K, committed 7680K, reserved 1048576K
GC Heap History (20 events):
Event: 5.058 GC heap before
{Heap before GC invocations=23 (full 2):
 PSYoungGen      total 22528K, used 22528K [0x00000000eab00000, 0x00000000ec380000, 0x0000000100000000)
  eden space 22016K, 100% used [0x00000000eab00000,0x00000000ec080000,0x00000000ec080000)
  from space 512K, 100% used [0x00000000ec300000,0x00000000ec380000,0x00000000ec380000)
  to   space 1024K, 0% used [0x00000000ec180000,0x00000000ec180000,0x00000000ec280000)
 ParOldGen       total 68608K, used 22347K [0x00000000c0000000, 0x00000000c4300000, 0x00000000eab00000)
  object space 68608K, 32% used [0x00000000c0000000,0x00000000c15d2e28,0x00000000c4300000)
 Metaspace       used 47359K, committed 48512K, reserved 1114112K
  class space    used 5208K, committed 5696K, reserved 1048576K
}
Event: 5.061 GC heap after
{Heap after GC invocations=23 (full 2):
 PSYoungGen      total 23040K, used 1020K [0x00000000eab00000, 0x00000000ed580000, 0x0000000100000000)
  eden space 22016K, 0% used [0x00000000eab00000,0x00000000eab00000,0x00000000ec080000)
  from space 1024K, 99% used [0x00000000ec180000,0x00000000ec27f1f0,0x00000000ec280000)
  to   space 10752K, 0% used [0x00000000ecb00000,0x00000000ecb00000,0x00000000ed580000)
 ParOldGen       total 68608K, used 30376K [0x00000000c0000000, 0x00000000c4300000, 0x00000000eab00000)
  object space 68608K, 44% used [0x00000000c0000000,0x00000000c1daa180,0x00000000c4300000)
 Metaspace       used 47359K, committed 48512K, reserved 1114112K
  class space    used 5208K, committed 5696K, reserved 1048576K
}
Event: 5.210 GC heap before
{Heap before GC invocations=24 (full 2):
 PSYoungGen      total 23040K, used 23036K [0x00000000eab00000, 0x00000000ed580000, 0x0000000100000000)
  eden space 22016K, 100% used [0x00000000eab00000,0x00000000ec080000,0x00000000ec080000)
  from space 1024K, 99% used [0x00000000ec180000,0x00000000ec27f1f0,0x00000000ec280000)
  to   space 10752K, 0% used [0x00000000ecb00000,0x00000000ecb00000,0x00000000ed580000)
 ParOldGen       total 68608K, used 30376K [0x00000000c0000000, 0x00000000c4300000, 0x00000000eab00000)
  object space 68608K, 44% used [0x00000000c0000000,0x00000000c1daa180,0x00000000c4300000)
 Metaspace       used 48587K, committed 49664K, reserved 1114112K
  class space    used 5411K, committed 5888K, reserved 1048576K
}
Event: 5.211 GC heap after
{Heap after GC invocations=24 (full 2):
 PSYoungGen      total 23040K, used 928K [0x00000000eab00000, 0x00000000ecc00000, 0x0000000100000000)
  eden space 22016K, 0% used [0x00000000eab00000,0x00000000eab00000,0x00000000ec080000)
  from space 1024K, 90% used [0x00000000ecb00000,0x00000000ecbe8000,0x00000000ecc00000)
  to   space 4096K, 0% used [0x00000000ec400000,0x00000000ec400000,0x00000000ec800000)
 ParOldGen       total 68608K, used 31372K [0x00000000c0000000, 0x00000000c4300000, 0x00000000eab00000)
  object space 68608K, 45% used [0x00000000c0000000,0x00000000c1ea3378,0x00000000c4300000)
 Metaspace       used 48587K, committed 49664K, reserved 1114112K
  class space    used 5411K, committed 5888K, reserved 1048576K
}
Event: 5.376 GC heap before
{Heap before GC invocations=25 (full 2):
 PSYoungGen      total 23040K, used 22944K [0x00000000eab00000, 0x00000000ecc00000, 0x0000000100000000)
  eden space 22016K, 100% used [0x00000000eab00000,0x00000000ec080000,0x00000000ec080000)
  from space 1024K, 90% used [0x00000000ecb00000,0x00000000ecbe8000,0x00000000ecc00000)
  to   space 4096K, 0% used [0x00000000ec400000,0x00000000ec400000,0x00000000ec800000)
 ParOldGen       total 68608K, used 31372K [0x00000000c0000000, 0x00000000c4300000, 0x00000000eab00000)
  object space 68608K, 45% used [0x00000000c0000000,0x00000000c1ea3378,0x00000000c4300000)
 Metaspace       used 48612K, committed 49792K, reserved 1114112K
  class space    used 5412K, committed 5888K, reserved 1048576K
}
Event: 5.377 GC heap after
{Heap after GC invocations=25 (full 2):
 PSYoungGen      total 26112K, used 704K [0x00000000eab00000, 0x00000000ecb80000, 0x0000000100000000)
  eden space 22016K, 0% used [0x00000000eab00000,0x00000000eab00000,0x00000000ec080000)
  from space 4096K, 17% used [0x00000000ec400000,0x00000000ec4b0000,0x00000000ec800000)
  to   space 1536K, 0% used [0x00000000eca00000,0x00000000eca00000,0x00000000ecb80000)
 ParOldGen       total 68608K, used 32145K [0x00000000c0000000, 0x00000000c4300000, 0x00000000eab00000)
  object space 68608K, 46% used [0x00000000c0000000,0x00000000c1f64738,0x00000000c4300000)
 Metaspace       used 48612K, committed 49792K, reserved 1114112K
  class space    used 5412K, committed 5888K, reserved 1048576K
}
Event: 5.500 GC heap before
{Heap before GC invocations=26 (full 2):
 PSYoungGen      total 26112K, used 22720K [0x00000000eab00000, 0x00000000ecb80000, 0x0000000100000000)
  eden space 22016K, 100% used [0x00000000eab00000,0x00000000ec080000,0x00000000ec080000)
  from space 4096K, 17% used [0x00000000ec400000,0x00000000ec4b0000,0x00000000ec800000)
  to   space 1536K, 0% used [0x00000000eca00000,0x00000000eca00000,0x00000000ecb80000)
 ParOldGen       total 68608K, used 32145K [0x00000000c0000000, 0x00000000c4300000, 0x00000000eab00000)
  object space 68608K, 46% used [0x00000000c0000000,0x00000000c1f64738,0x00000000c4300000)
 Metaspace       used 48624K, committed 49792K, reserved 1114112K
  class space    used 5412K, committed 5888K, reserved 1048576K
}
Event: 5.501 GC heap after
{Heap after GC invocations=26 (full 2):
 PSYoungGen      total 23552K, used 1532K [0x00000000eab00000, 0x00000000ecb80000, 0x0000000100000000)
  eden space 22016K, 0% used [0x00000000eab00000,0x00000000eab00000,0x00000000ec080000)
  from space 1536K, 99% used [0x00000000eca00000,0x00000000ecb7f1f8,0x00000000ecb80000)
  to   space 5120K, 0% used [0x00000000ec180000,0x00000000ec180000,0x00000000ec680000)
 ParOldGen       total 68608K, used 34860K [0x00000000c0000000, 0x00000000c4300000, 0x00000000eab00000)
  object space 68608K, 50% used [0x00000000c0000000,0x00000000c220b290,0x00000000c4300000)
 Metaspace       used 48624K, committed 49792K, reserved 1114112K
  class space    used 5412K, committed 5888K, reserved 1048576K
}
Event: 5.633 GC heap before
{Heap before GC invocations=27 (full 2):
 PSYoungGen      total 23552K, used 23548K [0x00000000eab00000, 0x00000000ecb80000, 0x0000000100000000)
  eden space 22016K, 100% used [0x00000000eab00000,0x00000000ec080000,0x00000000ec080000)
  from space 1536K, 99% used [0x00000000eca00000,0x00000000ecb7f1f8,0x00000000ecb80000)
  to   space 5120K, 0% used [0x00000000ec180000,0x00000000ec180000,0x00000000ec680000)
 ParOldGen       total 68608K, used 34860K [0x00000000c0000000, 0x00000000c4300000, 0x00000000eab00000)
  object space 68608K, 50% used [0x00000000c0000000,0x00000000c220b290,0x00000000c4300000)
 Metaspace       used 49726K, committed 50880K, reserved 1114112K
  class space    used 5627K, committed 6144K, reserved 1048576K
}
Event: 5.634 GC heap after
{Heap after GC invocations=27 (full 2):
 PSYoungGen      total 27136K, used 1233K [0x00000000eab00000, 0x00000000eca80000, 0x0000000100000000)
  eden space 22016K, 0% used [0x00000000eab00000,0x00000000eab00000,0x00000000ec080000)
  from space 5120K, 24% used [0x00000000ec180000,0x00000000ec2b4670,0x00000000ec680000)
  to   space 2560K, 0% used [0x00000000ec800000,0x00000000ec800000,0x00000000eca80000)
 ParOldGen       total 68608K, used 36408K [0x00000000c0000000, 0x00000000c4300000, 0x00000000eab00000)
  object space 68608K, 53% used [0x00000000c0000000,0x00000000c238e108,0x00000000c4300000)
 Metaspace       used 49726K, committed 50880K, reserved 1114112K
  class space    used 5627K, committed 6144K, reserved 1048576K
}
Event: 5.855 GC heap before
{Heap before GC invocations=28 (full 2):
 PSYoungGen      total 27136K, used 23249K [0x00000000eab00000, 0x00000000eca80000, 0x0000000100000000)
  eden space 22016K, 100% used [0x00000000eab00000,0x00000000ec080000,0x00000000ec080000)
  from space 5120K, 24% used [0x00000000ec180000,0x00000000ec2b4670,0x00000000ec680000)
  to   space 2560K, 0% used [0x00000000ec800000,0x00000000ec800000,0x00000000eca80000)
 ParOldGen       total 68608K, used 36408K [0x00000000c0000000, 0x00000000c4300000, 0x00000000eab00000)
  object space 68608K, 53% used [0x00000000c0000000,0x00000000c238e108,0x00000000c4300000)
 Metaspace       used 51936K, committed 53248K, reserved 1114112K
  class space    used 5978K, committed 6528K, reserved 1048576K
}
Event: 5.856 GC heap after
{Heap after GC invocations=28 (full 2):
 PSYoungGen      total 23040K, used 768K [0x00000000eab00000, 0x00000000ec900000, 0x0000000100000000)
  eden space 22016K, 0% used [0x00000000eab00000,0x00000000eab00000,0x00000000ec080000)
  from space 1024K, 75% used [0x00000000ec800000,0x00000000ec8c0000,0x00000000ec900000)
  to   space 1536K, 0% used [0x00000000ec600000,0x00000000ec600000,0x00000000ec780000)
 ParOldGen       total 68608K, used 37456K [0x00000000c0000000, 0x00000000c4300000, 0x00000000eab00000)
  object space 68608K, 54% used [0x00000000c0000000,0x00000000c2494108,0x00000000c4300000)
 Metaspace       used 51936K, committed 53248K, reserved 1114112K
  class space    used 5978K, committed 6528K, reserved 1048576K
}
Event: 6.038 GC heap before
{Heap before GC invocations=29 (full 2):
 PSYoungGen      total 23040K, used 22784K [0x00000000eab00000, 0x00000000ec900000, 0x0000000100000000)
  eden space 22016K, 100% used [0x00000000eab00000,0x00000000ec080000,0x00000000ec080000)
  from space 1024K, 75% used [0x00000000ec800000,0x00000000ec8c0000,0x00000000ec900000)
  to   space 1536K, 0% used [0x00000000ec600000,0x00000000ec600000,0x00000000ec780000)
 ParOldGen       total 68608K, used 37456K [0x00000000c0000000, 0x00000000c4300000, 0x00000000eab00000)
  object space 68608K, 54% used [0x00000000c0000000,0x00000000c2494108,0x00000000c4300000)
 Metaspace       used 53800K, committed 55104K, reserved 1114112K
  class space    used 6229K, committed 6784K, reserved 1048576K
}
Event: 6.040 GC heap after
{Heap after GC invocations=29 (full 2):
 PSYoungGen      total 23552K, used 1393K [0x00000000eab00000, 0x00000000ec880000, 0x0000000100000000)
  eden space 22016K, 0% used [0x00000000eab00000,0x00000000eab00000,0x00000000ec080000)
  from space 1536K, 90% used [0x00000000ec600000,0x00000000ec75c7b0,0x00000000ec780000)
  to   space 1024K, 0% used [0x00000000ec780000,0x00000000ec780000,0x00000000ec880000)
 ParOldGen       total 68608K, used 38057K [0x00000000c0000000, 0x00000000c4300000, 0x00000000eab00000)
  object space 68608K, 55% used [0x00000000c0000000,0x00000000c252a470,0x00000000c4300000)
 Metaspace       used 53800K, committed 55104K, reserved 1114112K
  class space    used 6229K, committed 6784K, reserved 1048576K
}
Event: 6.146 GC heap before
{Heap before GC invocations=30 (full 2):
 PSYoungGen      total 23552K, used 23409K [0x00000000eab00000, 0x00000000ec880000, 0x0000000100000000)
  eden space 22016K, 100% used [0x00000000eab00000,0x00000000ec080000,0x00000000ec080000)
  from space 1536K, 90% used [0x00000000ec600000,0x00000000ec75c7b0,0x00000000ec780000)
  to   space 1024K, 0% used [0x00000000ec780000,0x00000000ec780000,0x00000000ec880000)
 ParOldGen       total 68608K, used 38057K [0x00000000c0000000, 0x00000000c4300000, 0x00000000eab00000)
  object space 68608K, 55% used [0x00000000c0000000,0x00000000c252a470,0x00000000c4300000)
 Metaspace       used 55279K, committed 56576K, reserved 1114112K
  class space    used 6512K, committed 7040K, reserved 1048576K
}
Event: 6.147 GC heap after
{Heap after GC invocations=30 (full 2):
 PSYoungGen      total 23040K, used 657K [0x00000000eab00000, 0x00000000ec880000, 0x0000000100000000)
  eden space 22016K, 0% used [0x00000000eab00000,0x00000000eab00000,0x00000000ec080000)
  from space 1024K, 64% used [0x00000000ec780000,0x00000000ec8247c0,0x00000000ec880000)
  to   space 1024K, 0% used [0x00000000ec680000,0x00000000ec680000,0x00000000ec780000)
 ParOldGen       total 68608K, used 39267K [0x00000000c0000000, 0x00000000c4300000, 0x00000000eab00000)
  object space 68608K, 57% used [0x00000000c0000000,0x00000000c2658eb8,0x00000000c4300000)
 Metaspace       used 55279K, committed 56576K, reserved 1114112K
  class space    used 6512K, committed 7040K, reserved 1048576K
}
Event: 6.245 GC heap before
{Heap before GC invocations=31 (full 2):
 PSYoungGen      total 23040K, used 22673K [0x00000000eab00000, 0x00000000ec880000, 0x0000000100000000)
  eden space 22016K, 100% used [0x00000000eab00000,0x00000000ec080000,0x00000000ec080000)
  from space 1024K, 64% used [0x00000000ec780000,0x00000000ec8247c0,0x00000000ec880000)
  to   space 1024K, 0% used [0x00000000ec680000,0x00000000ec680000,0x00000000ec780000)
 ParOldGen       total 68608K, used 39267K [0x00000000c0000000, 0x00000000c4300000, 0x00000000eab00000)
  object space 68608K, 57% used [0x00000000c0000000,0x00000000c2658eb8,0x00000000c4300000)
 Metaspace       used 56530K, committed 57792K, reserved 1114112K
  class space    used 6806K, committed 7360K, reserved 1048576K
}
Event: 6.246 GC heap after
{Heap after GC invocations=31 (full 2):
 PSYoungGen      total 23040K, used 682K [0x00000000eab00000, 0x00000000ec800000, 0x0000000100000000)
  eden space 22016K, 0% used [0x00000000eab00000,0x00000000eab00000,0x00000000ec080000)
  from space 1024K, 66% used [0x00000000ec680000,0x00000000ec72aa50,0x00000000ec780000)
  to   space 512K, 0% used [0x00000000ec780000,0x00000000ec780000,0x00000000ec800000)
 ParOldGen       total 68608K, used 39403K [0x00000000c0000000, 0x00000000c4300000, 0x00000000eab00000)
  object space 68608K, 57% used [0x00000000c0000000,0x00000000c267aeb8,0x00000000c4300000)
 Metaspace       used 56530K, committed 57792K, reserved 1114112K
  class space    used 6806K, committed 7360K, reserved 1048576K
}
Event: 6.341 GC heap before
{Heap before GC invocations=32 (full 2):
 PSYoungGen      total 23040K, used 22698K [0x00000000eab00000, 0x00000000ec800000, 0x0000000100000000)
  eden space 22016K, 100% used [0x00000000eab00000,0x00000000ec080000,0x00000000ec080000)
  from space 1024K, 66% used [0x00000000ec680000,0x00000000ec72aa50,0x00000000ec780000)
  to   space 512K, 0% used [0x00000000ec780000,0x00000000ec780000,0x00000000ec800000)
 ParOldGen       total 68608K, used 39403K [0x00000000c0000000, 0x00000000c4300000, 0x00000000eab00000)
  object space 68608K, 57% used [0x00000000c0000000,0x00000000c267aeb8,0x00000000c4300000)
 Metaspace       used 57703K, committed 58944K, reserved 1114112K
  class space    used 7055K, committed 7552K, reserved 1048576K
}
Event: 6.342 GC heap after
{Heap after GC invocations=32 (full 2):
 PSYoungGen      total 22528K, used 506K [0x00000000eab00000, 0x00000000ec800000, 0x0000000100000000)
  eden space 22016K, 0% used [0x00000000eab00000,0x00000000eab00000,0x00000000ec080000)
  from space 512K, 98% used [0x00000000ec780000,0x00000000ec7fe998,0x00000000ec800000)
  to   space 1024K, 0% used [0x00000000ec600000,0x00000000ec600000,0x00000000ec700000)
 ParOldGen       total 68608K, used 39840K [0x00000000c0000000, 0x00000000c4300000, 0x00000000eab00000)
  object space 68608K, 58% used [0x00000000c0000000,0x00000000c26e8040,0x00000000c4300000)
 Metaspace       used 57703K, committed 58944K, reserved 1114112K
  class space    used 7055K, committed 7552K, reserved 1048576K
}

